<?xml version="1.0" encoding="UTF-8"?>
<testng-results ignored="0" total="1" passed="1" failed="0" skipped="0">
  <reporter-output>
  </reporter-output>
  <suite started-at="2024-08-03T02:57:07Z" name="Default suite" finished-at="2024-08-03T02:57:11Z" duration-ms="4343">
    <groups>
    </groups>
    <test started-at="2024-08-03T02:57:07Z" name="Default test" finished-at="2024-08-03T02:57:11Z" duration-ms="4343">
      <class name="Testing.Test_Selenium">
        <test-method signature="f()[pri:0, instance:Testing.Test_Selenium@74bf1791]" started-at="2024-08-02T20:57:07Z" name="f" finished-at="2024-08-02T20:57:11Z" duration-ms="4320" status="PASS">
          <reporter-output>
          </reporter-output>
        </test-method> <!-- f -->
      </class> <!-- Testing.Test_Selenium -->
    </test> <!-- Default test -->
  </suite> <!-- Default suite -->
</testng-results>
